<?xml version="1.0" encoding="UTF-8"?>
<testsuite name="com.wongislandd.huluverifier.HuluverifierApplicationTests" tests="1" skipped="0" failures="0" errors="0" timestamp="2023-07-07T01:45:39" hostname="ChristophersAir" time="0.5">
  <properties/>
  <testcase name="contextLoads()" classname="com.wongislandd.huluverifier.HuluverifierApplicationTests" time="0.5"/>
  <system-out><![CDATA[21:45:38.695 [Test worker] INFO org.springframework.test.context.support.AnnotationConfigContextLoaderUtils -- Could not detect default configuration classes for test class [com.wongislandd.huluverifier.HuluverifierApplicationTests]: HuluverifierApplicationTests does not declare any static, non-private, non-final, nested classes annotated with @Configuration.
21:45:38.743 [Test worker] INFO org.springframework.boot.test.context.SpringBootTestContextBootstrapper -- Found @SpringBootConfiguration com.wongislandd.huluverifier.HuluverifierApplication for test class com.wongislandd.huluverifier.HuluverifierApplicationTests

  .   ____          _            __ _ _
 /\\ / ___'_ __ _ _(_)_ __  __ _ \ \ \ \
( ( )\___ | '_ | '_| | '_ \/ _` | \ \ \ \
 \\/  ___)| |_)| | | | | || (_| |  ) ) ) )
  '  |____| .__|_| |_|_| |_\__, | / / / /
 =========|_|==============|___/=/_/_/_/
 :: Spring Boot ::                (v3.1.1)

2023-07-06T21:45:38.927-04:00  INFO 34790 --- [    Test worker] c.w.h.HuluverifierApplicationTests       : Starting HuluverifierApplicationTests using Java 17.0.3 with PID 34790 (started by cwong in /Users/cwong/Development/hulu-verifier)
2023-07-06T21:45:38.928-04:00  INFO 34790 --- [    Test worker] c.w.h.HuluverifierApplicationTests       : No active profile set, falling back to 1 default profile: "default"
2023-07-06T21:45:39.439-04:00  INFO 34790 --- [    Test worker] c.w.h.HuluverifierApplicationTests       : Started HuluverifierApplicationTests in 0.63 seconds (process running for 1.107)
]]></system-out>
  <system-err><![CDATA[]]></system-err>
</testsuite>
